<?xml version="1.0" encoding="UTF-8"?>
<!-- Generated by org.testng.reporters.JUnitReportReporter -->
<testsuite hostname="DESKTOP-QE3KPDP" failures="0" tests="1" name="testCases.TC_003_LoginDDT" time="3.620" errors="0" timestamp="2024-02-10T12:27:21 IST" skipped="0">
  <testcase classname="testCases.TC_003_LoginDDT" name="loginTest" time="3.620"/>
  <system-out/>
</testsuite> <!-- testCases.TC_003_LoginDDT -->
