<?xml version="1.0" encoding="UTF-8"?>
<!-- Generated by org.testng.reporters.JUnitReportReporter -->
<testsuite hostname="DESKTOP-QE3KPDP" failures="0" tests="1" name="testCases.TC_002_LoginTest" time="2.050" errors="0" timestamp="2024-02-10T13:25:24 IST" skipped="0">
  <testcase classname="testCases.TC_002_LoginTest" name="loginTest" time="2.050"/>
  <system-out/>
</testsuite> <!-- testCases.TC_002_LoginTest -->
