<?xml version="1.0" encoding="UTF-8"?>
<!-- Generated by org.testng.reporters.JUnitReportReporter -->
<testsuite hostname="DESKTOP-QE3KPDP" failures="0" tests="1" name="testCases.TC_001_AccountRegistrationTest" time="2.088" errors="0" timestamp="2024-02-10T13:25:24 IST" skipped="0">
  <testcase classname="testCases.TC_001_AccountRegistrationTest" name="test_Account_Registration" time="2.088"/>
  <system-out/>
</testsuite> <!-- testCases.TC_001_AccountRegistrationTest -->
