<?xml version="1.0" encoding="UTF-8"?>
<!-- Generated by org.testng.reporters.JUnitReportReporter -->
<testsuite hostname="DESKTOP-QE3KPDP" failures="0" tests="1" name="testCases.TC_002_LoginTest" time="1.931" errors="0" timestamp="2024-02-10T18:05:11 IST" skipped="0">
  <testcase classname="testCases.TC_002_LoginTest" name="loginTest" time="1.931"/>
</testsuite> <!-- testCases.TC_002_LoginTest -->
